Build started 11/2/2012 10:21:13 PM.
     1>Project "C:\Users\Malvina\Documents\Visual Studio 2010\Projects\FoofLevelTileSetEditor\FoofLevelTileSetEditor\FoofLevelTileSetEditor.vcxproj" on node 2 (build target(s)).
     1>InitializeBuildStatus:
         Creating "Debug\FoofLevelTileSetEditor.unsuccessfulbuild" because "AlwaysCreate" was specified.
       ClCompile:
         C:\Program Files (x86)\Microsoft Visual Studio 10.0\VC\bin\CL.exe /c /ZI /nologo /W3 /WX- /Od /Oy- /D _MBCS /Gm /EHsc /RTC1 /MDd /GS /fp:precise /Zc:wchar_t /Zc:forScope /Fo"Debug\\" /Fd"Debug\vc100.pdb" /Gd /TP /analyze- /errorReport:prompt GDIImageLoader.cpp Renderer.cpp TextureAtlasManager.cpp WICImageLoader.cpp main.cpp
         main.cpp
     1>c:\users\malvina\documents\visual studio 2010\projects\foofleveltileseteditor\foofleveltileseteditor\main.cpp(512): warning C4996: 'std::basic_string<_Elem,_Traits,_Ax>::copy': Function call with parameters that may be unsafe - this call relies on the caller to check that the passed values are correct. To disable this warning, use -D_SCL_SECURE_NO_WARNINGS. See documentation on how to use Visual C++ 'Checked Iterators'
                 with
                 [
                     _Elem=char,
                     _Traits=std::char_traits<char>,
                     _Ax=std::allocator<char>
                 ]
                 c:\program files (x86)\microsoft visual studio 10.0\vc\include\xstring(1555) : see declaration of 'std::basic_string<_Elem,_Traits,_Ax>::copy'
                 with
                 [
                     _Elem=char,
                     _Traits=std::char_traits<char>,
                     _Ax=std::allocator<char>
                 ]
     1>c:\users\malvina\documents\visual studio 2010\projects\foofleveltileseteditor\foofleveltileseteditor\main.cpp(516): warning C4996: 'sprintf': This function or variable may be unsafe. Consider using sprintf_s instead. To disable deprecation, use _CRT_SECURE_NO_WARNINGS. See online help for details.
                 c:\program files (x86)\microsoft visual studio 10.0\vc\include\stdio.h(371) : see declaration of 'sprintf'
     1>c:\users\malvina\documents\visual studio 2010\projects\foofleveltileseteditor\foofleveltileseteditor\main.cpp(518): warning C4996: 'sprintf': This function or variable may be unsafe. Consider using sprintf_s instead. To disable deprecation, use _CRT_SECURE_NO_WARNINGS. See online help for details.
                 c:\program files (x86)\microsoft visual studio 10.0\vc\include\stdio.h(371) : see declaration of 'sprintf'
     1>c:\users\malvina\documents\visual studio 2010\projects\foofleveltileseteditor\foofleveltileseteditor\main.cpp(917): warning C4996: 'std::basic_string<_Elem,_Traits,_Ax>::copy': Function call with parameters that may be unsafe - this call relies on the caller to check that the passed values are correct. To disable this warning, use -D_SCL_SECURE_NO_WARNINGS. See documentation on how to use Visual C++ 'Checked Iterators'
                 with
                 [
                     _Elem=char,
                     _Traits=std::char_traits<char>,
                     _Ax=std::allocator<char>
                 ]
                 c:\program files (x86)\microsoft visual studio 10.0\vc\include\xstring(1555) : see declaration of 'std::basic_string<_Elem,_Traits,_Ax>::copy'
                 with
                 [
                     _Elem=char,
                     _Traits=std::char_traits<char>,
                     _Ax=std::allocator<char>
                 ]
     1>c:\users\malvina\documents\visual studio 2010\projects\foofleveltileseteditor\foofleveltileseteditor\main.cpp(943): warning C4800: 'UINT' : forcing value to bool 'true' or 'false' (performance warning)
         Renderer.cpp
         Generating Code...
         Skipping... (no relevant changes detected)
         WICImageLoader.cpp
         GDIImageLoader.cpp
         TextureAtlasManager.cpp
       ResourceCompile:
         All outputs are up-to-date.
       Link:
         C:\Program Files (x86)\Microsoft Visual Studio 10.0\VC\bin\link.exe /ERRORREPORT:PROMPT /OUT:"C:\Users\Malvina\Documents\Visual Studio 2010\Projects\FoofLevelTileSetEditor\Debug\FoofLevelTileSetEditor.exe" /NOLOGO kernel32.lib user32.lib gdi32.lib winspool.lib comdlg32.lib advapi32.lib shell32.lib ole32.lib oleaut32.lib uuid.lib odbc32.lib odbccp32.lib /MANIFEST /ManifestFile:"Debug\FoofLevelTileSetEditor.exe.intermediate.manifest" /MANIFESTUAC:"level='asInvoker' uiAccess='false'" /DEBUG /PDB:"C:\Users\Malvina\Documents\Visual Studio 2010\Projects\FoofLevelTileSetEditor\Debug\FoofLevelTileSetEditor.pdb" /TLBID:1 /DYNAMICBASE /NXCOMPAT /IMPLIB:"C:\Users\Malvina\Documents\Visual Studio 2010\Projects\FoofLevelTileSetEditor\Debug\FoofLevelTileSetEditor.lib" /MACHINE:X86 Debug\resource.res
         Debug\CollisionData.obj
         Debug\GDIImageLoader.obj
         Debug\main.obj
         Debug\Renderer.obj
         Debug\TextureAtlasManager.obj
         Debug\WICImageLoader.obj
         LINK : C:\Users\Malvina\Documents\Visual Studio 2010\Projects\FoofLevelTileSetEditor\Debug\FoofLevelTileSetEditor.exe not found or not built by the last incremental link; performing full link
         FoofLevelTileSetEditor.vcxproj -> C:\Users\Malvina\Documents\Visual Studio 2010\Projects\FoofLevelTileSetEditor\Debug\FoofLevelTileSetEditor.exe
       Manifest:
         C:\Program Files (x86)\Microsoft SDKs\Windows\v7.0A\bin\mt.exe /nologo /verbose /outputresource:"C:\Users\Malvina\Documents\Visual Studio 2010\Projects\FoofLevelTileSetEditor\Debug\FoofLevelTileSetEditor.exe;#1" /manifest Debug\FoofLevelTileSetEditor.exe.intermediate.manifest
       FinalizeBuildStatus:
         Deleting file "Debug\FoofLevelTileSetEditor.unsuccessfulbuild".
         Touching "Debug\FoofLevelTileSetEditor.lastbuildstate".
     1>Done Building Project "C:\Users\Malvina\Documents\Visual Studio 2010\Projects\FoofLevelTileSetEditor\FoofLevelTileSetEditor\FoofLevelTileSetEditor.vcxproj" (build target(s)).

Build succeeded.

Time Elapsed 00:00:08.14
